C51 COMPILER V9.00   JY901                                                                 01/23/2015 15:53:46 PAGE 1   


C51 COMPILER V9.00, COMPILATION OF MODULE JY901
OBJECT MODULE PLACED IN JY901.OBJ
COMPILER INVOKED BY: C:\Keil51\C51\BIN\C51.EXE JY901.c LARGE BROWSE DEBUG OBJECTEXTEND

line level    source

   1          #include <string.h>
   2          #include "JY901.h"
   3          struct STime            stcTime={0};
   4          struct SAcc             stcAcc={0};
   5          struct SGyro            stcGyro={0};
   6          struct SAngle           stcAngle={0};
   7          struct SMag             stcMag={0};
   8          struct SDStatus         stcDStatus={0};
   9          struct SPress           stcPress={0};
  10          struct SLonLat          stcLonLat={0};
  11          struct SGPSV            stcGPSV={0};
  12          
  13          void CharToLong(char Dest[],char Source[])
  14          {
  15   1               *Dest          = Source[3];
  16   1               *(Dest+1)      = Source[2];
  17   1               *(Dest+2)      = Source[1];
  18   1               *(Dest+3)      = Source[0];
  19   1      }
  20          void CopeSerialData(unsigned char ucData)
  21          {
  22   1              static unsigned char ucRxBuffer[12];
  23   1              static unsigned char ucRxCnt = 0;       
  24   1              
  25   1              ucRxBuffer[ucRxCnt++]=ucData;
  26   1              if (ucRxBuffer[0]!=0x55) //数据头不对，则重新开始寻找0x55数据头
  27   1              {
  28   2                      ucRxCnt=0;
  29   2                      return;                                                                                                                                                                                                                                                                   
  30   2              }
  31   1              if (ucRxCnt<11) {return;}//数据不满11个，则返回
  32   1              else
  33   1              {
  34   2                      switch(ucRxBuffer[1])
  35   2                      {
  36   3                              case 0x50: stcTime.ucYear               = ucRxBuffer[2];
  37   3                                                      stcTime.ucMonth         = ucRxBuffer[3];
  38   3                                                      stcTime.ucDay           = ucRxBuffer[4];
  39   3                                                      stcTime.ucHour          = ucRxBuffer[5];
  40   3                                                      stcTime.ucMinute        = ucRxBuffer[6];
  41   3                                                      stcTime.ucSecond        = ucRxBuffer[7];
  42   3                                                      stcTime.usMiliSecond=((unsigned short)ucRxBuffer[9]<<8)|ucRxBuffer[8];
  43   3                                                      break;
  44   3                              case 0x51:      stcAcc.a[0] = ((unsigned short)ucRxBuffer[3]<<8)|ucRxBuffer[2];
  45   3                                                      stcAcc.a[1] = ((unsigned short)ucRxBuffer[5]<<8)|ucRxBuffer[4];
  46   3                                                      stcAcc.a[2] = ((unsigned short)ucRxBuffer[7]<<8)|ucRxBuffer[6];
  47   3                                                      break;
  48   3                              case 0x52:      stcGyro.w[0] = ((unsigned short)ucRxBuffer[3]<<8)|ucRxBuffer[2];
  49   3                                                      stcGyro.w[1] = ((unsigned short)ucRxBuffer[5]<<8)|ucRxBuffer[4];
  50   3                                                      stcGyro.w[2] = ((unsigned short)ucRxBuffer[7]<<8)|ucRxBuffer[6];
  51   3                                                      break;
  52   3                              case 0x53:      stcAngle.Angle[0] = ((unsigned short)ucRxBuffer[3]<<8)|ucRxBuffer[2];
  53   3                                                      stcAngle.Angle[1] = ((unsigned short)ucRxBuffer[5]<<8)|ucRxBuffer[4];
  54   3                                                      stcAngle.Angle[2] = ((unsigned short)ucRxBuffer[7]<<8)|ucRxBuffer[6];
  55   3                                                      stcAngle.T = ((unsigned short)ucRxBuffer[9]<<8)|ucRxBuffer[8];
C51 COMPILER V9.00   JY901                                                                 01/23/2015 15:53:46 PAGE 2   

  56   3                                                      break;
  57   3                              case 0x54:      stcMag.h[0] = ((unsigned short)ucRxBuffer[3]<<8)|ucRxBuffer[2];
  58   3                                                      stcMag.h[1] = ((unsigned short)ucRxBuffer[5]<<8)|ucRxBuffer[4];
  59   3                                                      stcMag.h[2] = ((unsigned short)ucRxBuffer[7]<<8)|ucRxBuffer[6];
  60   3                                                      stcAngle.T = ((unsigned short)ucRxBuffer[9]<<8)|ucRxBuffer[8];
  61   3                                                      break;
  62   3                              case 0x55:      stcDStatus.sDStatus[0] = ((unsigned short)ucRxBuffer[3]<<8)|ucRxBuffer[2];
  63   3                                                      stcDStatus.sDStatus[1] = ((unsigned short)ucRxBuffer[5]<<8)|ucRxBuffer[4];
  64   3                                                      stcDStatus.sDStatus[2] = ((unsigned short)ucRxBuffer[7]<<8)|ucRxBuffer[6];
  65   3                                                      stcDStatus.sDStatus[3] = ((unsigned short)ucRxBuffer[9]<<8)|ucRxBuffer[8];
  66   3                                                      break;
  67   3                              case 0x56:      ucRxBuffer[2] = 0x12;ucRxBuffer[3] = 0x34;ucRxBuffer[4] = 0x56;ucRxBuffer[5] = 0x78;
  68   3                                                      CharToLong((char*)&stcPress.lPressure,(char*)&ucRxBuffer[2]);
  69   3                                                      CharToLong((char*)&stcPress.lAltitude,(char*)&ucRxBuffer[6]);
  70   3                                                      break;
  71   3                              case 0x57:      CharToLong((char*)&stcLonLat.lLon,(char*)&ucRxBuffer[2]);
  72   3                                                      CharToLong((char*)&stcLonLat.lLat,(char*)&ucRxBuffer[6]);
  73   3                                                      break;
  74   3                              case 0x58:      stcGPSV.sGPSHeight = ((unsigned short)ucRxBuffer[3]<<8)|ucRxBuffer[2];
  75   3                                                      stcGPSV.sGPSYaw = ((unsigned short)ucRxBuffer[5]<<8)|ucRxBuffer[4];
  76   3                                                      CharToLong((char*)&stcGPSV.lGPSVelocity,(char*)&ucRxBuffer[6]);
  77   3                                                      break;
  78   3                      }
  79   2                      ucRxCnt=0;
  80   2              }
  81   1      }


MODULE INFORMATION:   STATIC OVERLAYABLE
   CODE SIZE        =    839    ----
   CONSTANT SIZE    =   ----    ----
   XDATA SIZE       =     85       6
   PDATA SIZE       =   ----    ----
   DATA SIZE        =   ----    ----
   IDATA SIZE       =   ----    ----
   BIT SIZE         =   ----    ----
END OF MODULE INFORMATION.


C51 COMPILATION COMPLETE.  0 WARNING(S),  0 ERROR(S)
